<?xml version="1.0" encoding="UTF-8"?><testsuite errors="0" failures="1" name="As a visitor, I want to register in utest by filling out the form" skipped="0" tests="1" time="14.26" timestamp="2022-10-03 05:31:52"><testcase name=""><failure message="Expected enabled element was not enabled" type="net.thucydides.core.webdriver.exceptions.ElementShouldBeEnabledException">Expected enabled element was not enabled</failure><system-err>Expected enabled element was not enabled&#13;
co.com.choucair.certification.pruebasoraya2.tasks.Join.performAs(Join.java:19)&#13;
co.com.choucair.certification.pruebasoraya2.stepdefinitions.UtestStepDefinitions.thanCarlitosWantsToRegisterOnTheUtestWebsite(UtestStepDefinitions.java:20)&#13;
cucumber.runner.Runner.runPickle(Runner.java:80)&#13;
worker.org.gradle.process.internal.worker.GradleWorkerMain.run(GradleWorkerMain.java:69)&#13;
worker.org.gradle.process.internal.worker.GradleWorkerMain.main(GradleWorkerMain.java:74)&#13;
</system-err></testcase></testsuite>